{"/home/cameron/Programming/CodeFellows/401/group-projects/midterm/trendly-server/lib/logger.js": {"path":"/home/cameron/Programming/CodeFellows/401/group-projects/midterm/trendly-server/lib/logger.js","statementMap":{"0":{"start":{"line":3,"column":16},"end":{"line":3,"column":34}},"1":{"start":{"line":5,"column":15},"end":{"line":17,"column":2}},"2":{"start":{"line":19,"column":10},"end":{"line":21,"column":1}},"3":{"start":{"line":20,"column":2},"end":{"line":20,"column":27}},"4":{"start":{"line":23,"column":0},"end":{"line":23,"column":21}}},"fnMap":{"0":{"name":"(anonymous_0)","decl":{"start":{"line":19,"column":10},"end":{"line":19,"column":11}},"loc":{"start":{"line":19,"column":28},"end":{"line":21,"column":1}},"line":19}},"branchMap":{},"s":{"0":1,"1":1,"2":1,"3":2,"4":1},"f":{"0":2},"b":{},"_coverageSchema":"332fd63041d2c1bcb487cc26dd0d5f7d97098a6c","hash":"4e46d1c87ca5e62fa0a27d75bc10321c93660004"}
,"/home/cameron/Programming/CodeFellows/401/group-projects/midterm/trendly-server/lib/scheduler.js": {"path":"/home/cameron/Programming/CodeFellows/401/group-projects/midterm/trendly-server/lib/scheduler.js","statementMap":{"0":{"start":{"line":3,"column":17},"end":{"line":3,"column":41}},"1":{"start":{"line":4,"column":19},"end":{"line":4,"column":50}},"2":{"start":{"line":5,"column":19},"end":{"line":5,"column":40}},"3":{"start":{"line":6,"column":19},"end":{"line":6,"column":41}},"4":{"start":{"line":7,"column":12},"end":{"line":7,"column":33}},"5":{"start":{"line":9,"column":20},"end":{"line":11,"column":2}},"6":{"start":{"line":10,"column":2},"end":{"line":10,"column":28}},"7":{"start":{"line":13,"column":22},"end":{"line":15,"column":2}},"8":{"start":{"line":14,"column":2},"end":{"line":14,"column":30}},"9":{"start":{"line":17,"column":18},"end":{"line":17,"column":37}},"10":{"start":{"line":19,"column":0},"end":{"line":52,"column":2}},"11":{"start":{"line":20,"column":2},"end":{"line":51,"column":24}},"12":{"start":{"line":22,"column":22},"end":{"line":22,"column":30}},"13":{"start":{"line":23,"column":6},"end":{"line":49,"column":9}},"14":{"start":{"line":25,"column":8},"end":{"line":48,"column":11}},"15":{"start":{"line":26,"column":10},"end":{"line":47,"column":32}},"16":{"start":{"line":28,"column":14},"end":{"line":28,"column":35}},"17":{"start":{"line":31,"column":30},"end":{"line":31,"column":50}},"18":{"start":{"line":32,"column":35},"end":{"line":34,"column":16}},"19":{"start":{"line":33,"column":16},"end":{"line":33,"column":46}},"20":{"start":{"line":35,"column":14},"end":{"line":37,"column":21}},"21":{"start":{"line":36,"column":16},"end":{"line":36,"column":182}},"22":{"start":{"line":40,"column":14},"end":{"line":42,"column":15}},"23":{"start":{"line":41,"column":16},"end":{"line":41,"column":23}},"24":{"start":{"line":43,"column":14},"end":{"line":43,"column":73}},"25":{"start":{"line":44,"column":14},"end":{"line":44,"column":77}},"26":{"start":{"line":45,"column":14},"end":{"line":45,"column":21}},"27":{"start":{"line":54,"column":0},"end":{"line":91,"column":2}},"28":{"start":{"line":55,"column":2},"end":{"line":90,"column":7}},"29":{"start":{"line":57,"column":6},"end":{"line":57,"column":31}},"30":{"start":{"line":59,"column":6},"end":{"line":89,"column":9}},"31":{"start":{"line":61,"column":8},"end":{"line":88,"column":30}},"32":{"start":{"line":63,"column":12},"end":{"line":63,"column":33}},"33":{"start":{"line":66,"column":28},"end":{"line":66,"column":48}},"34":{"start":{"line":67,"column":25},"end":{"line":67,"column":27}},"35":{"start":{"line":68,"column":28},"end":{"line":68,"column":32}},"36":{"start":{"line":70,"column":12},"end":{"line":75,"column":15}},"37":{"start":{"line":71,"column":14},"end":{"line":71,"column":38}},"38":{"start":{"line":72,"column":14},"end":{"line":74,"column":15}},"39":{"start":{"line":73,"column":16},"end":{"line":73,"column":34}},"40":{"start":{"line":77,"column":12},"end":{"line":86,"column":13}},"41":{"start":{"line":78,"column":14},"end":{"line":78,"column":21}},"42":{"start":{"line":80,"column":14},"end":{"line":80,"column":51}},"43":{"start":{"line":81,"column":14},"end":{"line":85,"column":36}},"44":{"start":{"line":83,"column":18},"end":{"line":83,"column":68}}},"fnMap":{"0":{"name":"(anonymous_0)","decl":{"start":{"line":9,"column":59},"end":{"line":9,"column":60}},"loc":{"start":{"line":9,"column":69},"end":{"line":11,"column":1}},"line":9},"1":{"name":"(anonymous_1)","decl":{"start":{"line":13,"column":60},"end":{"line":13,"column":61}},"loc":{"start":{"line":13,"column":70},"end":{"line":15,"column":1}},"line":13},"2":{"name":"(anonymous_2)","decl":{"start":{"line":19,"column":26},"end":{"line":19,"column":27}},"loc":{"start":{"line":19,"column":32},"end":{"line":52,"column":1}},"line":19},"3":{"name":"(anonymous_3)","decl":{"start":{"line":21,"column":10},"end":{"line":21,"column":11}},"loc":{"start":{"line":21,"column":25},"end":{"line":50,"column":5}},"line":21},"4":{"name":"(anonymous_4)","decl":{"start":{"line":23,"column":26},"end":{"line":23,"column":27}},"loc":{"start":{"line":23,"column":41},"end":{"line":49,"column":7}},"line":23},"5":{"name":"(anonymous_5)","decl":{"start":{"line":25,"column":36},"end":{"line":25,"column":37}},"loc":{"start":{"line":25,"column":55},"end":{"line":48,"column":9}},"line":25},"6":{"name":"(anonymous_6)","decl":{"start":{"line":27,"column":18},"end":{"line":27,"column":19}},"loc":{"start":{"line":27,"column":30},"end":{"line":29,"column":13}},"line":27},"7":{"name":"(anonymous_7)","decl":{"start":{"line":30,"column":18},"end":{"line":30,"column":19}},"loc":{"start":{"line":30,"column":33},"end":{"line":38,"column":13}},"line":30},"8":{"name":"(anonymous_8)","decl":{"start":{"line":32,"column":54},"end":{"line":32,"column":55}},"loc":{"start":{"line":32,"column":63},"end":{"line":34,"column":15}},"line":32},"9":{"name":"(anonymous_9)","decl":{"start":{"line":35,"column":43},"end":{"line":35,"column":44}},"loc":{"start":{"line":35,"column":58},"end":{"line":37,"column":15}},"line":35},"10":{"name":"(anonymous_10)","decl":{"start":{"line":39,"column":18},"end":{"line":39,"column":19}},"loc":{"start":{"line":39,"column":42},"end":{"line":46,"column":13}},"line":39},"11":{"name":"(anonymous_11)","decl":{"start":{"line":54,"column":28},"end":{"line":54,"column":29}},"loc":{"start":{"line":54,"column":34},"end":{"line":91,"column":1}},"line":54},"12":{"name":"(anonymous_12)","decl":{"start":{"line":56,"column":10},"end":{"line":56,"column":11}},"loc":{"start":{"line":56,"column":25},"end":{"line":90,"column":5}},"line":56},"13":{"name":"(anonymous_13)","decl":{"start":{"line":59,"column":26},"end":{"line":59,"column":27}},"loc":{"start":{"line":59,"column":41},"end":{"line":89,"column":7}},"line":59},"14":{"name":"(anonymous_14)","decl":{"start":{"line":62,"column":16},"end":{"line":62,"column":17}},"loc":{"start":{"line":62,"column":28},"end":{"line":64,"column":11}},"line":62},"15":{"name":"(anonymous_15)","decl":{"start":{"line":65,"column":16},"end":{"line":65,"column":17}},"loc":{"start":{"line":65,"column":32},"end":{"line":87,"column":11}},"line":65},"16":{"name":"(anonymous_16)","decl":{"start":{"line":70,"column":28},"end":{"line":70,"column":29}},"loc":{"start":{"line":70,"column":51},"end":{"line":75,"column":13}},"line":70},"17":{"name":"(anonymous_17)","decl":{"start":{"line":82,"column":22},"end":{"line":82,"column":23}},"loc":{"start":{"line":82,"column":43},"end":{"line":84,"column":17}},"line":82}},"branchMap":{"0":{"loc":{"start":{"line":40,"column":14},"end":{"line":42,"column":15}},"type":"if","locations":[{"start":{"line":40,"column":14},"end":{"line":42,"column":15}},{"start":{"line":40,"column":14},"end":{"line":42,"column":15}}],"line":40},"1":{"loc":{"start":{"line":72,"column":14},"end":{"line":74,"column":15}},"type":"if","locations":[{"start":{"line":72,"column":14},"end":{"line":74,"column":15}},{"start":{"line":72,"column":14},"end":{"line":74,"column":15}}],"line":72},"2":{"loc":{"start":{"line":77,"column":12},"end":{"line":86,"column":13}},"type":"if","locations":[{"start":{"line":77,"column":12},"end":{"line":86,"column":13}},{"start":{"line":77,"column":12},"end":{"line":86,"column":13}}],"line":77}},"s":{"0":1,"1":1,"2":1,"3":1,"4":1,"5":1,"6":0,"7":1,"8":0,"9":1,"10":1,"11":0,"12":0,"13":0,"14":0,"15":0,"16":0,"17":0,"18":0,"19":0,"20":0,"21":0,"22":0,"23":0,"24":0,"25":0,"26":0,"27":1,"28":1,"29":1,"30":1,"31":1,"32":0,"33":0,"34":0,"35":0,"36":0,"37":0,"38":0,"39":0,"40":0,"41":0,"42":0,"43":0,"44":0},"f":{"0":0,"1":0,"2":0,"3":0,"4":0,"5":0,"6":0,"7":0,"8":0,"9":0,"10":0,"11":1,"12":1,"13":1,"14":0,"15":0,"16":0,"17":0},"b":{"0":[0,0],"1":[0,0],"2":[0,0]},"_coverageSchema":"332fd63041d2c1bcb487cc26dd0d5f7d97098a6c","hash":"4fbd597930834ed2fea62ca2b4f66787522c77c6"}
,"/home/cameron/Programming/CodeFellows/401/group-projects/midterm/trendly-server/lib/server.js": {"path":"/home/cameron/Programming/CodeFellows/401/group-projects/midterm/trendly-server/lib/server.js","statementMap":{"0":{"start":{"line":3,"column":16},"end":{"line":3,"column":34}},"1":{"start":{"line":4,"column":17},"end":{"line":4,"column":36}},"2":{"start":{"line":5,"column":12},"end":{"line":5,"column":31}},"3":{"start":{"line":6,"column":11},"end":{"line":6,"column":30}},"4":{"start":{"line":8,"column":0},"end":{"line":8,"column":27}},"5":{"start":{"line":11,"column":0},"end":{"line":11,"column":27}},"6":{"start":{"line":14,"column":15},"end":{"line":14,"column":34}},"7":{"start":{"line":16,"column":12},"end":{"line":16,"column":21}},"8":{"start":{"line":19,"column":0},"end":{"line":19,"column":51}},"9":{"start":{"line":21,"column":0},"end":{"line":23,"column":3}},"10":{"start":{"line":22,"column":2},"end":{"line":22,"column":71}},"11":{"start":{"line":25,"column":0},"end":{"line":25,"column":44}},"12":{"start":{"line":26,"column":0},"end":{"line":26,"column":44}},"13":{"start":{"line":27,"column":0},"end":{"line":27,"column":48}},"14":{"start":{"line":29,"column":0},"end":{"line":31,"column":3}},"15":{"start":{"line":30,"column":2},"end":{"line":30,"column":104}},"16":{"start":{"line":33,"column":0},"end":{"line":33,"column":50}},"17":{"start":{"line":37,"column":17},"end":{"line":37,"column":22}},"18":{"start":{"line":38,"column":17},"end":{"line":38,"column":21}},"19":{"start":{"line":40,"column":0},"end":{"line":63,"column":2}},"20":{"start":{"line":41,"column":2},"end":{"line":46,"column":7}},"21":{"start":{"line":43,"column":6},"end":{"line":45,"column":7}},"22":{"start":{"line":44,"column":8},"end":{"line":44,"column":26}},"23":{"start":{"line":48,"column":2},"end":{"line":62,"column":7}},"24":{"start":{"line":50,"column":4},"end":{"line":53,"column":5}},"25":{"start":{"line":51,"column":6},"end":{"line":51,"column":60}},"26":{"start":{"line":52,"column":6},"end":{"line":52,"column":72}},"27":{"start":{"line":54,"column":4},"end":{"line":58,"column":7}},"28":{"start":{"line":55,"column":6},"end":{"line":55,"column":24}},"29":{"start":{"line":56,"column":6},"end":{"line":56,"column":73}},"30":{"start":{"line":57,"column":6},"end":{"line":57,"column":23}},"31":{"start":{"line":61,"column":6},"end":{"line":61,"column":48}},"32":{"start":{"line":65,"column":0},"end":{"line":86,"column":2}},"33":{"start":{"line":66,"column":2},"end":{"line":85,"column":7}},"34":{"start":{"line":68,"column":4},"end":{"line":71,"column":5}},"35":{"start":{"line":69,"column":6},"end":{"line":69,"column":61}},"36":{"start":{"line":70,"column":6},"end":{"line":70,"column":73}},"37":{"start":{"line":72,"column":4},"end":{"line":75,"column":5}},"38":{"start":{"line":73,"column":6},"end":{"line":73,"column":67}},"39":{"start":{"line":74,"column":6},"end":{"line":74,"column":79}},"40":{"start":{"line":76,"column":4},"end":{"line":81,"column":7}},"41":{"start":{"line":77,"column":6},"end":{"line":77,"column":25}},"42":{"start":{"line":78,"column":6},"end":{"line":78,"column":24}},"43":{"start":{"line":79,"column":6},"end":{"line":79,"column":45}},"44":{"start":{"line":80,"column":6},"end":{"line":80,"column":23}},"45":{"start":{"line":84,"column":6},"end":{"line":84,"column":28}},"46":{"start":{"line":88,"column":0},"end":{"line":88,"column":23}}},"fnMap":{"0":{"name":"(anonymous_0)","decl":{"start":{"line":21,"column":13},"end":{"line":21,"column":14}},"loc":{"start":{"line":21,"column":36},"end":{"line":23,"column":1}},"line":21},"1":{"name":"(anonymous_1)","decl":{"start":{"line":29,"column":13},"end":{"line":29,"column":14}},"loc":{"start":{"line":29,"column":36},"end":{"line":31,"column":1}},"line":29},"2":{"name":"(anonymous_2)","decl":{"start":{"line":40,"column":15},"end":{"line":40,"column":16}},"loc":{"start":{"line":40,"column":21},"end":{"line":63,"column":1}},"line":40},"3":{"name":"(anonymous_3)","decl":{"start":{"line":42,"column":10},"end":{"line":42,"column":11}},"loc":{"start":{"line":42,"column":20},"end":{"line":46,"column":5}},"line":42},"4":{"name":"(anonymous_4)","decl":{"start":{"line":48,"column":21},"end":{"line":48,"column":22}},"loc":{"start":{"line":48,"column":42},"end":{"line":59,"column":3}},"line":48},"5":{"name":"(anonymous_5)","decl":{"start":{"line":54,"column":46},"end":{"line":54,"column":47}},"loc":{"start":{"line":54,"column":52},"end":{"line":58,"column":5}},"line":54},"6":{"name":"(anonymous_6)","decl":{"start":{"line":60,"column":10},"end":{"line":60,"column":11}},"loc":{"start":{"line":60,"column":16},"end":{"line":62,"column":5}},"line":60},"7":{"name":"(anonymous_7)","decl":{"start":{"line":65,"column":14},"end":{"line":65,"column":15}},"loc":{"start":{"line":65,"column":20},"end":{"line":86,"column":1}},"line":65},"8":{"name":"(anonymous_8)","decl":{"start":{"line":66,"column":21},"end":{"line":66,"column":22}},"loc":{"start":{"line":66,"column":42},"end":{"line":82,"column":3}},"line":66},"9":{"name":"(anonymous_9)","decl":{"start":{"line":76,"column":21},"end":{"line":76,"column":22}},"loc":{"start":{"line":76,"column":27},"end":{"line":81,"column":5}},"line":76},"10":{"name":"(anonymous_10)","decl":{"start":{"line":83,"column":10},"end":{"line":83,"column":11}},"loc":{"start":{"line":83,"column":16},"end":{"line":85,"column":5}},"line":83}},"branchMap":{"0":{"loc":{"start":{"line":43,"column":6},"end":{"line":45,"column":7}},"type":"if","locations":[{"start":{"line":43,"column":6},"end":{"line":45,"column":7}},{"start":{"line":43,"column":6},"end":{"line":45,"column":7}}],"line":43},"1":{"loc":{"start":{"line":50,"column":4},"end":{"line":53,"column":5}},"type":"if","locations":[{"start":{"line":50,"column":4},"end":{"line":53,"column":5}},{"start":{"line":50,"column":4},"end":{"line":53,"column":5}}],"line":50},"2":{"loc":{"start":{"line":68,"column":4},"end":{"line":71,"column":5}},"type":"if","locations":[{"start":{"line":68,"column":4},"end":{"line":71,"column":5}},{"start":{"line":68,"column":4},"end":{"line":71,"column":5}}],"line":68},"3":{"loc":{"start":{"line":72,"column":4},"end":{"line":75,"column":5}},"type":"if","locations":[{"start":{"line":72,"column":4},"end":{"line":75,"column":5}},{"start":{"line":72,"column":4},"end":{"line":75,"column":5}}],"line":72}},"s":{"0":1,"1":1,"2":1,"3":1,"4":1,"5":1,"6":1,"7":1,"8":1,"9":1,"10":0,"11":1,"12":1,"13":1,"14":1,"15":0,"16":1,"17":1,"18":1,"19":1,"20":1,"21":1,"22":0,"23":1,"24":1,"25":0,"26":0,"27":1,"28":1,"29":1,"30":1,"31":1,"32":1,"33":1,"34":1,"35":0,"36":0,"37":1,"38":0,"39":0,"40":1,"41":1,"42":1,"43":1,"44":1,"45":1,"46":1},"f":{"0":0,"1":0,"2":1,"3":1,"4":1,"5":1,"6":1,"7":1,"8":1,"9":1,"10":1},"b":{"0":[0,1],"1":[0,1],"2":[0,1],"3":[0,1]},"_coverageSchema":"332fd63041d2c1bcb487cc26dd0d5f7d97098a6c","hash":"556cd33b25ef268f00d5979594b34b6507de9460"}
,"/home/cameron/Programming/CodeFellows/401/group-projects/midterm/trendly-server/lib/sms.js": {"path":"/home/cameron/Programming/CodeFellows/401/group-projects/midterm/trendly-server/lib/sms.js","statementMap":{"0":{"start":{"line":3,"column":19},"end":{"line":3,"column":49}},"1":{"start":{"line":4,"column":18},"end":{"line":4,"column":47}},"2":{"start":{"line":6,"column":15},"end":{"line":6,"column":55}},"3":{"start":{"line":8,"column":12},"end":{"line":8,"column":31}},"4":{"start":{"line":10,"column":0},"end":{"line":16,"column":2}},"5":{"start":{"line":11,"column":2},"end":{"line":15,"column":5}}},"fnMap":{"0":{"name":"(anonymous_0)","decl":{"start":{"line":10,"column":18},"end":{"line":10,"column":19}},"loc":{"start":{"line":10,"column":44},"end":{"line":16,"column":1}},"line":10}},"branchMap":{},"s":{"0":1,"1":1,"2":1,"3":1,"4":1,"5":0},"f":{"0":0},"b":{},"_coverageSchema":"332fd63041d2c1bcb487cc26dd0d5f7d97098a6c","hash":"3d129c2f092eb67ff58721c5334c03686a7f16f4"}
,"/home/cameron/Programming/CodeFellows/401/group-projects/midterm/trendly-server/lib/middleware/basic-auth-middleware.js": {"path":"/home/cameron/Programming/CodeFellows/401/group-projects/midterm/trendly-server/lib/middleware/basic-auth-middleware.js","statementMap":{"0":{"start":{"line":3,"column":18},"end":{"line":3,"column":40}},"1":{"start":{"line":4,"column":16},"end":{"line":4,"column":46}},"2":{"start":{"line":6,"column":0},"end":{"line":38,"column":2}},"3":{"start":{"line":7,"column":2},"end":{"line":9,"column":3}},"4":{"start":{"line":8,"column":4},"end":{"line":8,"column":75}},"5":{"start":{"line":11,"column":25},"end":{"line":11,"column":73}},"6":{"start":{"line":13,"column":2},"end":{"line":15,"column":3}},"7":{"start":{"line":14,"column":4},"end":{"line":14,"column":74}},"8":{"start":{"line":17,"column":25},"end":{"line":17,"column":74}},"9":{"start":{"line":19,"column":29},"end":{"line":19,"column":56}},"10":{"start":{"line":21,"column":2},"end":{"line":23,"column":3}},"11":{"start":{"line":22,"column":4},"end":{"line":22,"column":76}},"12":{"start":{"line":25,"column":2},"end":{"line":37,"column":17}},"13":{"start":{"line":27,"column":6},"end":{"line":29,"column":7}},"14":{"start":{"line":28,"column":8},"end":{"line":28,"column":56}},"15":{"start":{"line":31,"column":6},"end":{"line":31,"column":51}},"16":{"start":{"line":34,"column":6},"end":{"line":34,"column":40}},"17":{"start":{"line":35,"column":6},"end":{"line":35,"column":20}}},"fnMap":{"0":{"name":"(anonymous_0)","decl":{"start":{"line":6,"column":17},"end":{"line":6,"column":18}},"loc":{"start":{"line":6,"column":46},"end":{"line":38,"column":1}},"line":6},"1":{"name":"(anonymous_1)","decl":{"start":{"line":26,"column":10},"end":{"line":26,"column":11}},"loc":{"start":{"line":26,"column":26},"end":{"line":32,"column":5}},"line":26},"2":{"name":"(anonymous_2)","decl":{"start":{"line":33,"column":10},"end":{"line":33,"column":11}},"loc":{"start":{"line":33,"column":29},"end":{"line":36,"column":5}},"line":33}},"branchMap":{"0":{"loc":{"start":{"line":7,"column":2},"end":{"line":9,"column":3}},"type":"if","locations":[{"start":{"line":7,"column":2},"end":{"line":9,"column":3}},{"start":{"line":7,"column":2},"end":{"line":9,"column":3}}],"line":7},"1":{"loc":{"start":{"line":13,"column":2},"end":{"line":15,"column":3}},"type":"if","locations":[{"start":{"line":13,"column":2},"end":{"line":15,"column":3}},{"start":{"line":13,"column":2},"end":{"line":15,"column":3}}],"line":13},"2":{"loc":{"start":{"line":21,"column":2},"end":{"line":23,"column":3}},"type":"if","locations":[{"start":{"line":21,"column":2},"end":{"line":23,"column":3}},{"start":{"line":21,"column":2},"end":{"line":23,"column":3}}],"line":21},"3":{"loc":{"start":{"line":21,"column":6},"end":{"line":21,"column":28}},"type":"binary-expr","locations":[{"start":{"line":21,"column":6},"end":{"line":21,"column":15}},{"start":{"line":21,"column":19},"end":{"line":21,"column":28}}],"line":21},"4":{"loc":{"start":{"line":27,"column":6},"end":{"line":29,"column":7}},"type":"if","locations":[{"start":{"line":27,"column":6},"end":{"line":29,"column":7}},{"start":{"line":27,"column":6},"end":{"line":29,"column":7}}],"line":27}},"s":{"0":1,"1":1,"2":1,"3":0,"4":0,"5":0,"6":0,"7":0,"8":0,"9":0,"10":0,"11":0,"12":0,"13":0,"14":0,"15":0,"16":0,"17":0},"f":{"0":0,"1":0,"2":0},"b":{"0":[0,0],"1":[0,0],"2":[0,0],"3":[0,0],"4":[0,0]},"_coverageSchema":"332fd63041d2c1bcb487cc26dd0d5f7d97098a6c","hash":"53d0f38be07476f84ccb1c7cd20af161db7ac7f7"}
,"/home/cameron/Programming/CodeFellows/401/group-projects/midterm/trendly-server/lib/middleware/bearer-auth-middleware.js": {"path":"/home/cameron/Programming/CodeFellows/401/group-projects/midterm/trendly-server/lib/middleware/bearer-auth-middleware.js","statementMap":{"0":{"start":{"line":3,"column":21},"end":{"line":3,"column":44}},"1":{"start":{"line":4,"column":18},"end":{"line":4,"column":40}},"2":{"start":{"line":6,"column":16},"end":{"line":6,"column":46}},"3":{"start":{"line":8,"column":18},"end":{"line":19,"column":1}},"4":{"start":{"line":9,"column":2},"end":{"line":18,"column":4}},"5":{"start":{"line":10,"column":4},"end":{"line":17,"column":7}},"6":{"start":{"line":11,"column":6},"end":{"line":16,"column":9}},"7":{"start":{"line":12,"column":8},"end":{"line":14,"column":9}},"8":{"start":{"line":13,"column":10},"end":{"line":13,"column":31}},"9":{"start":{"line":15,"column":8},"end":{"line":15,"column":29}},"10":{"start":{"line":21,"column":0},"end":{"line":47,"column":2}},"11":{"start":{"line":22,"column":2},"end":{"line":24,"column":3}},"12":{"start":{"line":23,"column":4},"end":{"line":23,"column":79}},"13":{"start":{"line":26,"column":16},"end":{"line":26,"column":65}},"14":{"start":{"line":28,"column":2},"end":{"line":30,"column":3}},"15":{"start":{"line":29,"column":4},"end":{"line":29,"column":64}},"16":{"start":{"line":32,"column":2},"end":{"line":46,"column":17}},"17":{"start":{"line":34,"column":6},"end":{"line":34,"column":33}},"18":{"start":{"line":35,"column":6},"end":{"line":37,"column":9}},"19":{"start":{"line":40,"column":6},"end":{"line":42,"column":7}},"20":{"start":{"line":41,"column":8},"end":{"line":41,"column":56}},"21":{"start":{"line":43,"column":6},"end":{"line":43,"column":37}},"22":{"start":{"line":44,"column":6},"end":{"line":44,"column":20}}},"fnMap":{"0":{"name":"(anonymous_0)","decl":{"start":{"line":8,"column":18},"end":{"line":8,"column":19}},"loc":{"start":{"line":8,"column":26},"end":{"line":19,"column":1}},"line":8},"1":{"name":"(anonymous_1)","decl":{"start":{"line":9,"column":9},"end":{"line":9,"column":10}},"loc":{"start":{"line":9,"column":22},"end":{"line":18,"column":3}},"line":9},"2":{"name":"(anonymous_2)","decl":{"start":{"line":10,"column":23},"end":{"line":10,"column":24}},"loc":{"start":{"line":10,"column":44},"end":{"line":17,"column":5}},"line":10},"3":{"name":"(anonymous_3)","decl":{"start":{"line":11,"column":18},"end":{"line":11,"column":19}},"loc":{"start":{"line":11,"column":35},"end":{"line":16,"column":7}},"line":11},"4":{"name":"(anonymous_4)","decl":{"start":{"line":21,"column":17},"end":{"line":21,"column":18}},"loc":{"start":{"line":21,"column":46},"end":{"line":47,"column":1}},"line":21},"5":{"name":"(anonymous_5)","decl":{"start":{"line":33,"column":10},"end":{"line":33,"column":11}},"loc":{"start":{"line":33,"column":27},"end":{"line":38,"column":5}},"line":33},"6":{"name":"(anonymous_6)","decl":{"start":{"line":39,"column":10},"end":{"line":39,"column":11}},"loc":{"start":{"line":39,"column":26},"end":{"line":45,"column":5}},"line":39}},"branchMap":{"0":{"loc":{"start":{"line":12,"column":8},"end":{"line":14,"column":9}},"type":"if","locations":[{"start":{"line":12,"column":8},"end":{"line":14,"column":9}},{"start":{"line":12,"column":8},"end":{"line":14,"column":9}}],"line":12},"1":{"loc":{"start":{"line":22,"column":2},"end":{"line":24,"column":3}},"type":"if","locations":[{"start":{"line":22,"column":2},"end":{"line":24,"column":3}},{"start":{"line":22,"column":2},"end":{"line":24,"column":3}}],"line":22},"2":{"loc":{"start":{"line":28,"column":2},"end":{"line":30,"column":3}},"type":"if","locations":[{"start":{"line":28,"column":2},"end":{"line":30,"column":3}},{"start":{"line":28,"column":2},"end":{"line":30,"column":3}}],"line":28},"3":{"loc":{"start":{"line":40,"column":6},"end":{"line":42,"column":7}},"type":"if","locations":[{"start":{"line":40,"column":6},"end":{"line":42,"column":7}},{"start":{"line":40,"column":6},"end":{"line":42,"column":7}}],"line":40}},"s":{"0":1,"1":1,"2":1,"3":1,"4":0,"5":0,"6":0,"7":0,"8":0,"9":0,"10":1,"11":0,"12":0,"13":0,"14":0,"15":0,"16":0,"17":0,"18":0,"19":0,"20":0,"21":0,"22":0},"f":{"0":0,"1":0,"2":0,"3":0,"4":0,"5":0,"6":0},"b":{"0":[0,0],"1":[0,0],"2":[0,0],"3":[0,0]},"_coverageSchema":"332fd63041d2c1bcb487cc26dd0d5f7d97098a6c","hash":"5e10977dc7fd8847356cd673c70fc2515ee706a8"}
,"/home/cameron/Programming/CodeFellows/401/group-projects/midterm/trendly-server/lib/middleware/error-middleware.js": {"path":"/home/cameron/Programming/CodeFellows/401/group-projects/midterm/trendly-server/lib/middleware/error-middleware.js","statementMap":{"0":{"start":{"line":3,"column":12},"end":{"line":3,"column":39}},"1":{"start":{"line":5,"column":0},"end":{"line":61,"column":2}},"2":{"start":{"line":7,"column":2},"end":{"line":7,"column":51}},"3":{"start":{"line":8,"column":2},"end":{"line":8,"column":22}},"4":{"start":{"line":10,"column":2},"end":{"line":13,"column":3}},"5":{"start":{"line":11,"column":4},"end":{"line":11,"column":87}},"6":{"start":{"line":12,"column":4},"end":{"line":12,"column":45}},"7":{"start":{"line":16,"column":16},"end":{"line":16,"column":43}},"8":{"start":{"line":18,"column":2},"end":{"line":21,"column":3}},"9":{"start":{"line":19,"column":4},"end":{"line":19,"column":71}},"10":{"start":{"line":20,"column":4},"end":{"line":20,"column":36}},"11":{"start":{"line":23,"column":2},"end":{"line":26,"column":3}},"12":{"start":{"line":24,"column":4},"end":{"line":24,"column":73}},"13":{"start":{"line":25,"column":4},"end":{"line":25,"column":36}},"14":{"start":{"line":28,"column":2},"end":{"line":31,"column":3}},"15":{"start":{"line":29,"column":4},"end":{"line":29,"column":69}},"16":{"start":{"line":30,"column":4},"end":{"line":30,"column":36}},"17":{"start":{"line":39,"column":2},"end":{"line":42,"column":3}},"18":{"start":{"line":40,"column":4},"end":{"line":40,"column":78}},"19":{"start":{"line":41,"column":4},"end":{"line":41,"column":36}},"20":{"start":{"line":58,"column":2},"end":{"line":58,"column":51}},"21":{"start":{"line":59,"column":2},"end":{"line":59,"column":22}},"22":{"start":{"line":60,"column":2},"end":{"line":60,"column":34}}},"fnMap":{"0":{"name":"(anonymous_0)","decl":{"start":{"line":5,"column":17},"end":{"line":5,"column":18}},"loc":{"start":{"line":5,"column":53},"end":{"line":61,"column":1}},"line":5}},"branchMap":{"0":{"loc":{"start":{"line":10,"column":2},"end":{"line":13,"column":3}},"type":"if","locations":[{"start":{"line":10,"column":2},"end":{"line":13,"column":3}},{"start":{"line":10,"column":2},"end":{"line":13,"column":3}}],"line":10},"1":{"loc":{"start":{"line":18,"column":2},"end":{"line":21,"column":3}},"type":"if","locations":[{"start":{"line":18,"column":2},"end":{"line":21,"column":3}},{"start":{"line":18,"column":2},"end":{"line":21,"column":3}}],"line":18},"2":{"loc":{"start":{"line":23,"column":2},"end":{"line":26,"column":3}},"type":"if","locations":[{"start":{"line":23,"column":2},"end":{"line":26,"column":3}},{"start":{"line":23,"column":2},"end":{"line":26,"column":3}}],"line":23},"3":{"loc":{"start":{"line":28,"column":2},"end":{"line":31,"column":3}},"type":"if","locations":[{"start":{"line":28,"column":2},"end":{"line":31,"column":3}},{"start":{"line":28,"column":2},"end":{"line":31,"column":3}}],"line":28},"4":{"loc":{"start":{"line":39,"column":2},"end":{"line":42,"column":3}},"type":"if","locations":[{"start":{"line":39,"column":2},"end":{"line":42,"column":3}},{"start":{"line":39,"column":2},"end":{"line":42,"column":3}}],"line":39}},"s":{"0":1,"1":1,"2":0,"3":0,"4":0,"5":0,"6":0,"7":0,"8":0,"9":0,"10":0,"11":0,"12":0,"13":0,"14":0,"15":0,"16":0,"17":0,"18":0,"19":0,"20":0,"21":0,"22":0},"f":{"0":0},"b":{"0":[0,0],"1":[0,0],"2":[0,0],"3":[0,0],"4":[0,0]},"_coverageSchema":"332fd63041d2c1bcb487cc26dd0d5f7d97098a6c","hash":"34d236dba0c89d078cd2329155b721dae12295c9"}
,"/home/cameron/Programming/CodeFellows/401/group-projects/midterm/trendly-server/lib/middleware/logger-middleware.js": {"path":"/home/cameron/Programming/CodeFellows/401/group-projects/midterm/trendly-server/lib/middleware/logger-middleware.js","statementMap":{"0":{"start":{"line":3,"column":12},"end":{"line":3,"column":32}},"1":{"start":{"line":5,"column":0},"end":{"line":8,"column":2}},"2":{"start":{"line":6,"column":2},"end":{"line":6,"column":69}},"3":{"start":{"line":7,"column":2},"end":{"line":7,"column":16}}},"fnMap":{"0":{"name":"(anonymous_0)","decl":{"start":{"line":5,"column":17},"end":{"line":5,"column":18}},"loc":{"start":{"line":5,"column":46},"end":{"line":8,"column":1}},"line":5}},"branchMap":{},"s":{"0":1,"1":1,"2":0,"3":0},"f":{"0":0},"b":{},"_coverageSchema":"332fd63041d2c1bcb487cc26dd0d5f7d97098a6c","hash":"e3449f936c95e961f34aba00039a47a93b7bf694"}
,"/home/cameron/Programming/CodeFellows/401/group-projects/midterm/trendly-server/model/account.js": {"path":"/home/cameron/Programming/CodeFellows/401/group-projects/midterm/trendly-server/model/account.js","statementMap":{"0":{"start":{"line":3,"column":17},"end":{"line":3,"column":36}},"1":{"start":{"line":4,"column":18},"end":{"line":4,"column":40}},"2":{"start":{"line":5,"column":21},"end":{"line":5,"column":44}},"3":{"start":{"line":6,"column":15},"end":{"line":6,"column":32}},"4":{"start":{"line":7,"column":15},"end":{"line":7,"column":32}},"5":{"start":{"line":9,"column":22},"end":{"line":33,"column":2}},"6":{"start":{"line":31,"column":19},"end":{"line":31,"column":29}},"7":{"start":{"line":35,"column":0},"end":{"line":43,"column":2}},"8":{"start":{"line":36,"column":2},"end":{"line":42,"column":7}},"9":{"start":{"line":38,"column":6},"end":{"line":41,"column":20}},"10":{"start":{"line":39,"column":8},"end":{"line":39,"column":85}},"11":{"start":{"line":41,"column":8},"end":{"line":41,"column":20}},"12":{"start":{"line":45,"column":0},"end":{"line":52,"column":2}},"13":{"start":{"line":46,"column":2},"end":{"line":46,"column":58}},"14":{"start":{"line":48,"column":2},"end":{"line":51,"column":7}},"15":{"start":{"line":50,"column":6},"end":{"line":50,"column":87}},"16":{"start":{"line":54,"column":16},"end":{"line":54,"column":73}},"17":{"start":{"line":56,"column":0},"end":{"line":63,"column":2}},"18":{"start":{"line":57,"column":27},"end":{"line":57,"column":28}},"19":{"start":{"line":58,"column":2},"end":{"line":62,"column":7}},"20":{"start":{"line":60,"column":22},"end":{"line":60,"column":60}},"21":{"start":{"line":61,"column":6},"end":{"line":61,"column":76}}},"fnMap":{"0":{"name":"(anonymous_0)","decl":{"start":{"line":31,"column":13},"end":{"line":31,"column":14}},"loc":{"start":{"line":31,"column":19},"end":{"line":31,"column":29}},"line":31},"1":{"name":"(anonymous_1)","decl":{"start":{"line":35,"column":39},"end":{"line":35,"column":40}},"loc":{"start":{"line":35,"column":58},"end":{"line":43,"column":1}},"line":35},"2":{"name":"(anonymous_2)","decl":{"start":{"line":37,"column":10},"end":{"line":37,"column":11}},"loc":{"start":{"line":37,"column":22},"end":{"line":42,"column":5}},"line":37},"3":{"name":"(anonymous_3)","decl":{"start":{"line":45,"column":36},"end":{"line":45,"column":37}},"loc":{"start":{"line":45,"column":47},"end":{"line":52,"column":1}},"line":45},"4":{"name":"(anonymous_4)","decl":{"start":{"line":49,"column":10},"end":{"line":49,"column":11}},"loc":{"start":{"line":49,"column":21},"end":{"line":51,"column":5}},"line":49},"5":{"name":"(anonymous_5)","decl":{"start":{"line":56,"column":17},"end":{"line":56,"column":18}},"loc":{"start":{"line":56,"column":48},"end":{"line":63,"column":1}},"line":56},"6":{"name":"(anonymous_6)","decl":{"start":{"line":59,"column":10},"end":{"line":59,"column":11}},"loc":{"start":{"line":59,"column":26},"end":{"line":62,"column":5}},"line":59}},"branchMap":{"0":{"loc":{"start":{"line":38,"column":6},"end":{"line":41,"column":20}},"type":"if","locations":[{"start":{"line":38,"column":6},"end":{"line":41,"column":20}},{"start":{"line":38,"column":6},"end":{"line":41,"column":20}}],"line":38}},"s":{"0":1,"1":1,"2":1,"3":1,"4":1,"5":1,"6":0,"7":1,"8":0,"9":0,"10":0,"11":0,"12":1,"13":0,"14":0,"15":0,"16":1,"17":1,"18":0,"19":0,"20":0,"21":0},"f":{"0":0,"1":0,"2":0,"3":0,"4":0,"5":0,"6":0},"b":{"0":[0,0]},"_coverageSchema":"332fd63041d2c1bcb487cc26dd0d5f7d97098a6c","hash":"dffe7bb2b019b552c0f9c6de8f63ec288d6e0fe4"}
,"/home/cameron/Programming/CodeFellows/401/group-projects/midterm/trendly-server/model/profile.js": {"path":"/home/cameron/Programming/CodeFellows/401/group-projects/midterm/trendly-server/model/profile.js","statementMap":{"0":{"start":{"line":3,"column":17},"end":{"line":3,"column":36}},"1":{"start":{"line":5,"column":22},"end":{"line":24,"column":2}},"2":{"start":{"line":26,"column":0},"end":{"line":26,"column":58}}},"fnMap":{},"branchMap":{},"s":{"0":1,"1":1,"2":1},"f":{},"b":{},"_coverageSchema":"332fd63041d2c1bcb487cc26dd0d5f7d97098a6c","hash":"564903b8a1fa67ff0c521fd10635e418c1b75b61"}
,"/home/cameron/Programming/CodeFellows/401/group-projects/midterm/trendly-server/model/sms-profile.js": {"path":"/home/cameron/Programming/CodeFellows/401/group-projects/midterm/trendly-server/model/sms-profile.js","statementMap":{"0":{"start":{"line":3,"column":17},"end":{"line":3,"column":36}},"1":{"start":{"line":5,"column":25},"end":{"line":25,"column":2}},"2":{"start":{"line":27,"column":0},"end":{"line":27,"column":64}}},"fnMap":{},"branchMap":{},"s":{"0":1,"1":1,"2":1},"f":{},"b":{},"_coverageSchema":"332fd63041d2c1bcb487cc26dd0d5f7d97098a6c","hash":"74bd78c2f9ea3f1ea59ec0dc159cce4d77065212"}
,"/home/cameron/Programming/CodeFellows/401/group-projects/midterm/trendly-server/route/account-router.js": {"path":"/home/cameron/Programming/CodeFellows/401/group-projects/midterm/trendly-server/route/account-router.js","statementMap":{"0":{"start":{"line":3,"column":17},"end":{"line":3,"column":35}},"1":{"start":{"line":4,"column":19},"end":{"line":4,"column":48}},"2":{"start":{"line":5,"column":16},"end":{"line":5,"column":43}},"3":{"start":{"line":6,"column":18},"end":{"line":6,"column":40}},"4":{"start":{"line":7,"column":28},"end":{"line":7,"column":78}},"5":{"start":{"line":10,"column":22},"end":{"line":10,"column":51}},"6":{"start":{"line":13,"column":0},"end":{"line":21,"column":3}},"7":{"start":{"line":14,"column":2},"end":{"line":16,"column":3}},"8":{"start":{"line":15,"column":4},"end":{"line":15,"column":59}},"9":{"start":{"line":18,"column":2},"end":{"line":20,"column":17}},"10":{"start":{"line":19,"column":22},"end":{"line":19,"column":54}},"11":{"start":{"line":24,"column":0},"end":{"line":37,"column":3}},"12":{"start":{"line":25,"column":2},"end":{"line":27,"column":3}},"13":{"start":{"line":26,"column":4},"end":{"line":26,"column":107}},"14":{"start":{"line":29,"column":2},"end":{"line":36,"column":17}},"15":{"start":{"line":31,"column":6},"end":{"line":31,"column":35}},"16":{"start":{"line":34,"column":6},"end":{"line":34,"column":46}}},"fnMap":{"0":{"name":"(anonymous_0)","decl":{"start":{"line":13,"column":49},"end":{"line":13,"column":50}},"loc":{"start":{"line":13,"column":78},"end":{"line":21,"column":1}},"line":13},"1":{"name":"(anonymous_1)","decl":{"start":{"line":19,"column":10},"end":{"line":19,"column":11}},"loc":{"start":{"line":19,"column":22},"end":{"line":19,"column":54}},"line":19},"2":{"name":"(anonymous_2)","decl":{"start":{"line":24,"column":42},"end":{"line":24,"column":43}},"loc":{"start":{"line":24,"column":71},"end":{"line":37,"column":1}},"line":24},"3":{"name":"(anonymous_3)","decl":{"start":{"line":30,"column":10},"end":{"line":30,"column":11}},"loc":{"start":{"line":30,"column":21},"end":{"line":32,"column":5}},"line":30},"4":{"name":"(anonymous_4)","decl":{"start":{"line":33,"column":10},"end":{"line":33,"column":11}},"loc":{"start":{"line":33,"column":22},"end":{"line":35,"column":5}},"line":33}},"branchMap":{"0":{"loc":{"start":{"line":14,"column":2},"end":{"line":16,"column":3}},"type":"if","locations":[{"start":{"line":14,"column":2},"end":{"line":16,"column":3}},{"start":{"line":14,"column":2},"end":{"line":16,"column":3}}],"line":14},"1":{"loc":{"start":{"line":25,"column":2},"end":{"line":27,"column":3}},"type":"if","locations":[{"start":{"line":25,"column":2},"end":{"line":27,"column":3}},{"start":{"line":25,"column":2},"end":{"line":27,"column":3}}],"line":25},"2":{"loc":{"start":{"line":25,"column":6},"end":{"line":25,"column":77}},"type":"binary-expr","locations":[{"start":{"line":25,"column":6},"end":{"line":25,"column":28}},{"start":{"line":25,"column":32},"end":{"line":25,"column":54}},{"start":{"line":25,"column":58},"end":{"line":25,"column":77}}],"line":25}},"s":{"0":1,"1":1,"2":1,"3":1,"4":1,"5":1,"6":1,"7":0,"8":0,"9":0,"10":0,"11":1,"12":0,"13":0,"14":0,"15":0,"16":0},"f":{"0":0,"1":0,"2":0,"3":0,"4":0},"b":{"0":[0,0],"1":[0,0],"2":[0,0,0]},"_coverageSchema":"332fd63041d2c1bcb487cc26dd0d5f7d97098a6c","hash":"096c7071b12ea528c10e8668d0d7e757e6b259ec"}
,"/home/cameron/Programming/CodeFellows/401/group-projects/midterm/trendly-server/route/profile-router.js": {"path":"/home/cameron/Programming/CodeFellows/401/group-projects/midterm/trendly-server/route/profile-router.js","statementMap":{"0":{"start":{"line":3,"column":17},"end":{"line":3,"column":35}},"1":{"start":{"line":4,"column":19},"end":{"line":4,"column":48}},"2":{"start":{"line":5,"column":19},"end":{"line":5,"column":41}},"3":{"start":{"line":6,"column":16},"end":{"line":6,"column":43}},"4":{"start":{"line":7,"column":19},"end":{"line":7,"column":40}},"5":{"start":{"line":9,"column":29},"end":{"line":9,"column":80}},"6":{"start":{"line":11,"column":22},"end":{"line":11,"column":51}},"7":{"start":{"line":13,"column":0},"end":{"line":32,"column":3}},"8":{"start":{"line":14,"column":2},"end":{"line":15,"column":83}},"9":{"start":{"line":15,"column":4},"end":{"line":15,"column":83}},"10":{"start":{"line":17,"column":2},"end":{"line":31,"column":17}},"11":{"start":{"line":19,"column":6},"end":{"line":19,"column":27}},"12":{"start":{"line":22,"column":6},"end":{"line":29,"column":21}},"13":{"start":{"line":28,"column":25},"end":{"line":28,"column":47}},"14":{"start":{"line":35,"column":0},"end":{"line":41,"column":3}},"15":{"start":{"line":36,"column":2},"end":{"line":37,"column":60}},"16":{"start":{"line":37,"column":4},"end":{"line":37,"column":60}},"17":{"start":{"line":38,"column":2},"end":{"line":40,"column":17}},"18":{"start":{"line":39,"column":21},"end":{"line":39,"column":43}}},"fnMap":{"0":{"name":"(anonymous_0)","decl":{"start":{"line":13,"column":66},"end":{"line":13,"column":67}},"loc":{"start":{"line":13,"column":95},"end":{"line":32,"column":1}},"line":13},"1":{"name":"(anonymous_1)","decl":{"start":{"line":18,"column":10},"end":{"line":18,"column":11}},"loc":{"start":{"line":18,"column":22},"end":{"line":20,"column":5}},"line":18},"2":{"name":"(anonymous_2)","decl":{"start":{"line":21,"column":10},"end":{"line":21,"column":11}},"loc":{"start":{"line":21,"column":26},"end":{"line":30,"column":5}},"line":21},"3":{"name":"(anonymous_3)","decl":{"start":{"line":28,"column":14},"end":{"line":28,"column":15}},"loc":{"start":{"line":28,"column":25},"end":{"line":28,"column":47}},"line":28},"4":{"name":"(anonymous_4)","decl":{"start":{"line":35,"column":57},"end":{"line":35,"column":58}},"loc":{"start":{"line":35,"column":86},"end":{"line":41,"column":1}},"line":35},"5":{"name":"(anonymous_5)","decl":{"start":{"line":39,"column":10},"end":{"line":39,"column":11}},"loc":{"start":{"line":39,"column":21},"end":{"line":39,"column":43}},"line":39}},"branchMap":{"0":{"loc":{"start":{"line":14,"column":2},"end":{"line":15,"column":83}},"type":"if","locations":[{"start":{"line":14,"column":2},"end":{"line":15,"column":83}},{"start":{"line":14,"column":2},"end":{"line":15,"column":83}}],"line":14},"1":{"loc":{"start":{"line":14,"column":5},"end":{"line":14,"column":45}},"type":"binary-expr","locations":[{"start":{"line":14,"column":5},"end":{"line":14,"column":21}},{"start":{"line":14,"column":25},"end":{"line":14,"column":45}}],"line":14},"2":{"loc":{"start":{"line":36,"column":2},"end":{"line":37,"column":60}},"type":"if","locations":[{"start":{"line":36,"column":2},"end":{"line":37,"column":60}},{"start":{"line":36,"column":2},"end":{"line":37,"column":60}}],"line":36}},"s":{"0":1,"1":1,"2":1,"3":1,"4":1,"5":1,"6":1,"7":1,"8":0,"9":0,"10":0,"11":0,"12":0,"13":0,"14":1,"15":0,"16":0,"17":0,"18":0},"f":{"0":0,"1":0,"2":0,"3":0,"4":0,"5":0},"b":{"0":[0,0],"1":[0,0],"2":[0,0]},"_coverageSchema":"332fd63041d2c1bcb487cc26dd0d5f7d97098a6c","hash":"6f46047e9e4b7ad902d128ea224507409540d0d8"}
,"/home/cameron/Programming/CodeFellows/401/group-projects/midterm/trendly-server/route/sms-profile-router.js": {"path":"/home/cameron/Programming/CodeFellows/401/group-projects/midterm/trendly-server/route/sms-profile-router.js","statementMap":{"0":{"start":{"line":3,"column":19},"end":{"line":3,"column":37}},"1":{"start":{"line":4,"column":19},"end":{"line":4,"column":70}},"2":{"start":{"line":5,"column":19},"end":{"line":5,"column":41}},"3":{"start":{"line":6,"column":19},"end":{"line":6,"column":40}},"4":{"start":{"line":7,"column":26},"end":{"line":7,"column":67}},"5":{"start":{"line":8,"column":12},"end":{"line":8,"column":33}},"6":{"start":{"line":10,"column":19},"end":{"line":10,"column":50}},"7":{"start":{"line":11,"column":12},"end":{"line":11,"column":36}},"8":{"start":{"line":13,"column":25},"end":{"line":13,"column":54}},"9":{"start":{"line":15,"column":0},"end":{"line":185,"column":3}},"10":{"start":{"line":16,"column":16},"end":{"line":16,"column":39}},"11":{"start":{"line":17,"column":2},"end":{"line":19,"column":3}},"12":{"start":{"line":18,"column":4},"end":{"line":18,"column":96}},"13":{"start":{"line":21,"column":20},"end":{"line":21,"column":58}},"14":{"start":{"line":22,"column":22},"end":{"line":22,"column":39}},"15":{"start":{"line":23,"column":2},"end":{"line":23,"column":42}},"16":{"start":{"line":24,"column":2},"end":{"line":24,"column":46}},"17":{"start":{"line":26,"column":20},"end":{"line":28,"column":3}},"18":{"start":{"line":27,"column":4},"end":{"line":27,"column":28}},"19":{"start":{"line":30,"column":2},"end":{"line":184,"column":3}},"20":{"start":{"line":31,"column":4},"end":{"line":87,"column":9}},"21":{"start":{"line":33,"column":8},"end":{"line":86,"column":9}},"22":{"start":{"line":34,"column":33},"end":{"line":34,"column":59}},"23":{"start":{"line":35,"column":26},"end":{"line":35,"column":112}},"24":{"start":{"line":36,"column":41},"end":{"line":36,"column":137}},"25":{"start":{"line":37,"column":10},"end":{"line":75,"column":15}},"26":{"start":{"line":39,"column":14},"end":{"line":39,"column":35}},"27":{"start":{"line":42,"column":14},"end":{"line":74,"column":29}},"28":{"start":{"line":44,"column":18},"end":{"line":44,"column":62}},"29":{"start":{"line":45,"column":18},"end":{"line":45,"column":38}},"30":{"start":{"line":48,"column":34},"end":{"line":48,"column":57}},"31":{"start":{"line":49,"column":33},"end":{"line":49,"column":35}},"32":{"start":{"line":51,"column":18},"end":{"line":53,"column":21}},"33":{"start":{"line":52,"column":20},"end":{"line":52,"column":54}},"34":{"start":{"line":55,"column":18},"end":{"line":72,"column":33}},"35":{"start":{"line":62,"column":22},"end":{"line":68,"column":44}},"36":{"start":{"line":69,"column":22},"end":{"line":69,"column":76}},"37":{"start":{"line":70,"column":22},"end":{"line":70,"column":53}},"38":{"start":{"line":78,"column":10},"end":{"line":83,"column":44}},"39":{"start":{"line":84,"column":10},"end":{"line":84,"column":64}},"40":{"start":{"line":85,"column":10},"end":{"line":85,"column":41}},"41":{"start":{"line":89,"column":9},"end":{"line":184,"column":3}},"42":{"start":{"line":90,"column":21},"end":{"line":90,"column":30}},"43":{"start":{"line":91,"column":4},"end":{"line":134,"column":19}},"44":{"start":{"line":93,"column":8},"end":{"line":98,"column":9}},"45":{"start":{"line":94,"column":10},"end":{"line":94,"column":67}},"46":{"start":{"line":95,"column":10},"end":{"line":95,"column":64}},"47":{"start":{"line":96,"column":10},"end":{"line":96,"column":41}},"48":{"start":{"line":97,"column":10},"end":{"line":97,"column":17}},"49":{"start":{"line":100,"column":8},"end":{"line":105,"column":9}},"50":{"start":{"line":101,"column":10},"end":{"line":101,"column":63}},"51":{"start":{"line":102,"column":10},"end":{"line":102,"column":64}},"52":{"start":{"line":103,"column":10},"end":{"line":103,"column":41}},"53":{"start":{"line":104,"column":10},"end":{"line":104,"column":17}},"54":{"start":{"line":106,"column":8},"end":{"line":129,"column":11}},"55":{"start":{"line":107,"column":10},"end":{"line":128,"column":25}},"56":{"start":{"line":109,"column":14},"end":{"line":109,"column":35}},"57":{"start":{"line":112,"column":31},"end":{"line":112,"column":52}},"58":{"start":{"line":113,"column":35},"end":{"line":115,"column":16}},"59":{"start":{"line":114,"column":16},"end":{"line":114,"column":47}},"60":{"start":{"line":116,"column":14},"end":{"line":118,"column":21}},"61":{"start":{"line":117,"column":16},"end":{"line":117,"column":148}},"62":{"start":{"line":121,"column":14},"end":{"line":124,"column":15}},"63":{"start":{"line":122,"column":16},"end":{"line":122,"column":99}},"64":{"start":{"line":123,"column":16},"end":{"line":123,"column":23}},"65":{"start":{"line":125,"column":14},"end":{"line":125,"column":59}},"66":{"start":{"line":126,"column":14},"end":{"line":126,"column":21}},"67":{"start":{"line":132,"column":8},"end":{"line":132,"column":23}},"68":{"start":{"line":136,"column":9},"end":{"line":184,"column":3}},"69":{"start":{"line":137,"column":4},"end":{"line":159,"column":19}},"70":{"start":{"line":139,"column":8},"end":{"line":144,"column":9}},"71":{"start":{"line":140,"column":10},"end":{"line":140,"column":67}},"72":{"start":{"line":141,"column":10},"end":{"line":141,"column":64}},"73":{"start":{"line":142,"column":10},"end":{"line":142,"column":41}},"74":{"start":{"line":143,"column":10},"end":{"line":143,"column":17}},"75":{"start":{"line":145,"column":8},"end":{"line":150,"column":9}},"76":{"start":{"line":146,"column":10},"end":{"line":146,"column":72}},"77":{"start":{"line":147,"column":10},"end":{"line":147,"column":64}},"78":{"start":{"line":148,"column":10},"end":{"line":148,"column":41}},"79":{"start":{"line":149,"column":10},"end":{"line":149,"column":17}},"80":{"start":{"line":151,"column":22},"end":{"line":153,"column":28}},"81":{"start":{"line":152,"column":10},"end":{"line":152,"column":51}},"82":{"start":{"line":154,"column":8},"end":{"line":154,"column":31}},"83":{"start":{"line":155,"column":8},"end":{"line":155,"column":62}},"84":{"start":{"line":156,"column":8},"end":{"line":156,"column":39}},"85":{"start":{"line":157,"column":8},"end":{"line":157,"column":15}},"86":{"start":{"line":162,"column":4},"end":{"line":183,"column":19}},"87":{"start":{"line":164,"column":8},"end":{"line":181,"column":9}},"88":{"start":{"line":165,"column":10},"end":{"line":169,"column":56}},"89":{"start":{"line":170,"column":10},"end":{"line":170,"column":64}},"90":{"start":{"line":171,"column":10},"end":{"line":171,"column":41}},"91":{"start":{"line":172,"column":10},"end":{"line":172,"column":17}},"92":{"start":{"line":174,"column":10},"end":{"line":177,"column":44}},"93":{"start":{"line":178,"column":10},"end":{"line":178,"column":64}},"94":{"start":{"line":179,"column":10},"end":{"line":179,"column":41}},"95":{"start":{"line":180,"column":10},"end":{"line":180,"column":17}}},"fnMap":{"0":{"name":"(anonymous_0)","decl":{"start":{"line":15,"column":50},"end":{"line":15,"column":51}},"loc":{"start":{"line":15,"column":79},"end":{"line":185,"column":1}},"line":15},"1":{"name":"(anonymous_1)","decl":{"start":{"line":26,"column":20},"end":{"line":26,"column":21}},"loc":{"start":{"line":26,"column":27},"end":{"line":28,"column":3}},"line":26},"2":{"name":"(anonymous_2)","decl":{"start":{"line":32,"column":12},"end":{"line":32,"column":13}},"loc":{"start":{"line":32,"column":28},"end":{"line":87,"column":7}},"line":32},"3":{"name":"(anonymous_3)","decl":{"start":{"line":38,"column":18},"end":{"line":38,"column":19}},"loc":{"start":{"line":38,"column":30},"end":{"line":40,"column":13}},"line":38},"4":{"name":"(anonymous_4)","decl":{"start":{"line":41,"column":18},"end":{"line":41,"column":19}},"loc":{"start":{"line":41,"column":34},"end":{"line":75,"column":13}},"line":41},"5":{"name":"(anonymous_5)","decl":{"start":{"line":43,"column":22},"end":{"line":43,"column":23}},"loc":{"start":{"line":43,"column":39},"end":{"line":46,"column":17}},"line":43},"6":{"name":"(anonymous_6)","decl":{"start":{"line":47,"column":22},"end":{"line":47,"column":23}},"loc":{"start":{"line":47,"column":41},"end":{"line":73,"column":17}},"line":47},"7":{"name":"(anonymous_7)","decl":{"start":{"line":51,"column":34},"end":{"line":51,"column":35}},"loc":{"start":{"line":51,"column":44},"end":{"line":53,"column":19}},"line":51},"8":{"name":"(anonymous_8)","decl":{"start":{"line":61,"column":26},"end":{"line":61,"column":27}},"loc":{"start":{"line":61,"column":32},"end":{"line":71,"column":21}},"line":61},"9":{"name":"(anonymous_9)","decl":{"start":{"line":92,"column":12},"end":{"line":92,"column":13}},"loc":{"start":{"line":92,"column":26},"end":{"line":130,"column":7}},"line":92},"10":{"name":"(anonymous_10)","decl":{"start":{"line":106,"column":45},"end":{"line":106,"column":46}},"loc":{"start":{"line":106,"column":53},"end":{"line":129,"column":9}},"line":106},"11":{"name":"(anonymous_11)","decl":{"start":{"line":108,"column":18},"end":{"line":108,"column":19}},"loc":{"start":{"line":108,"column":30},"end":{"line":110,"column":13}},"line":108},"12":{"name":"(anonymous_12)","decl":{"start":{"line":111,"column":18},"end":{"line":111,"column":19}},"loc":{"start":{"line":111,"column":33},"end":{"line":119,"column":13}},"line":111},"13":{"name":"(anonymous_13)","decl":{"start":{"line":113,"column":54},"end":{"line":113,"column":55}},"loc":{"start":{"line":113,"column":63},"end":{"line":115,"column":15}},"line":113},"14":{"name":"(anonymous_14)","decl":{"start":{"line":116,"column":43},"end":{"line":116,"column":44}},"loc":{"start":{"line":116,"column":58},"end":{"line":118,"column":15}},"line":116},"15":{"name":"(anonymous_15)","decl":{"start":{"line":120,"column":18},"end":{"line":120,"column":19}},"loc":{"start":{"line":120,"column":36},"end":{"line":127,"column":13}},"line":120},"16":{"name":"(anonymous_16)","decl":{"start":{"line":131,"column":12},"end":{"line":131,"column":13}},"loc":{"start":{"line":131,"column":18},"end":{"line":133,"column":7}},"line":131},"17":{"name":"(anonymous_17)","decl":{"start":{"line":138,"column":12},"end":{"line":138,"column":13}},"loc":{"start":{"line":138,"column":26},"end":{"line":158,"column":7}},"line":138},"18":{"name":"(anonymous_18)","decl":{"start":{"line":151,"column":51},"end":{"line":151,"column":52}},"loc":{"start":{"line":151,"column":80},"end":{"line":153,"column":9}},"line":151},"19":{"name":"(anonymous_19)","decl":{"start":{"line":163,"column":12},"end":{"line":163,"column":13}},"loc":{"start":{"line":163,"column":28},"end":{"line":182,"column":7}},"line":163}},"branchMap":{"0":{"loc":{"start":{"line":17,"column":2},"end":{"line":19,"column":3}},"type":"if","locations":[{"start":{"line":17,"column":2},"end":{"line":19,"column":3}},{"start":{"line":17,"column":2},"end":{"line":19,"column":3}}],"line":17},"1":{"loc":{"start":{"line":17,"column":5},"end":{"line":17,"column":45}},"type":"binary-expr","locations":[{"start":{"line":17,"column":5},"end":{"line":17,"column":23}},{"start":{"line":17,"column":27},"end":{"line":17,"column":45}}],"line":17},"2":{"loc":{"start":{"line":30,"column":2},"end":{"line":184,"column":3}},"type":"if","locations":[{"start":{"line":30,"column":2},"end":{"line":184,"column":3}},{"start":{"line":30,"column":2},"end":{"line":184,"column":3}}],"line":30},"3":{"loc":{"start":{"line":33,"column":8},"end":{"line":86,"column":9}},"type":"if","locations":[{"start":{"line":33,"column":8},"end":{"line":86,"column":9}},{"start":{"line":33,"column":8},"end":{"line":86,"column":9}}],"line":33},"4":{"loc":{"start":{"line":89,"column":9},"end":{"line":184,"column":3}},"type":"if","locations":[{"start":{"line":89,"column":9},"end":{"line":184,"column":3}},{"start":{"line":89,"column":9},"end":{"line":184,"column":3}}],"line":89},"5":{"loc":{"start":{"line":93,"column":8},"end":{"line":98,"column":9}},"type":"if","locations":[{"start":{"line":93,"column":8},"end":{"line":98,"column":9}},{"start":{"line":93,"column":8},"end":{"line":98,"column":9}}],"line":93},"6":{"loc":{"start":{"line":100,"column":8},"end":{"line":105,"column":9}},"type":"if","locations":[{"start":{"line":100,"column":8},"end":{"line":105,"column":9}},{"start":{"line":100,"column":8},"end":{"line":105,"column":9}}],"line":100},"7":{"loc":{"start":{"line":121,"column":14},"end":{"line":124,"column":15}},"type":"if","locations":[{"start":{"line":121,"column":14},"end":{"line":124,"column":15}},{"start":{"line":121,"column":14},"end":{"line":124,"column":15}}],"line":121},"8":{"loc":{"start":{"line":136,"column":9},"end":{"line":184,"column":3}},"type":"if","locations":[{"start":{"line":136,"column":9},"end":{"line":184,"column":3}},{"start":{"line":136,"column":9},"end":{"line":184,"column":3}}],"line":136},"9":{"loc":{"start":{"line":139,"column":8},"end":{"line":144,"column":9}},"type":"if","locations":[{"start":{"line":139,"column":8},"end":{"line":144,"column":9}},{"start":{"line":139,"column":8},"end":{"line":144,"column":9}}],"line":139},"10":{"loc":{"start":{"line":145,"column":8},"end":{"line":150,"column":9}},"type":"if","locations":[{"start":{"line":145,"column":8},"end":{"line":150,"column":9}},{"start":{"line":145,"column":8},"end":{"line":150,"column":9}}],"line":145},"11":{"loc":{"start":{"line":164,"column":8},"end":{"line":181,"column":9}},"type":"if","locations":[{"start":{"line":164,"column":8},"end":{"line":181,"column":9}},{"start":{"line":164,"column":8},"end":{"line":181,"column":9}}],"line":164}},"s":{"0":1,"1":1,"2":1,"3":1,"4":1,"5":1,"6":1,"7":1,"8":1,"9":1,"10":0,"11":0,"12":0,"13":0,"14":0,"15":0,"16":0,"17":0,"18":0,"19":0,"20":0,"21":0,"22":0,"23":0,"24":0,"25":0,"26":0,"27":0,"28":0,"29":0,"30":0,"31":0,"32":0,"33":0,"34":0,"35":0,"36":0,"37":0,"38":0,"39":0,"40":0,"41":0,"42":0,"43":0,"44":0,"45":0,"46":0,"47":0,"48":0,"49":0,"50":0,"51":0,"52":0,"53":0,"54":0,"55":0,"56":0,"57":0,"58":0,"59":0,"60":0,"61":0,"62":0,"63":0,"64":0,"65":0,"66":0,"67":0,"68":0,"69":0,"70":0,"71":0,"72":0,"73":0,"74":0,"75":0,"76":0,"77":0,"78":0,"79":0,"80":0,"81":0,"82":0,"83":0,"84":0,"85":0,"86":0,"87":0,"88":0,"89":0,"90":0,"91":0,"92":0,"93":0,"94":0,"95":0},"f":{"0":0,"1":0,"2":0,"3":0,"4":0,"5":0,"6":0,"7":0,"8":0,"9":0,"10":0,"11":0,"12":0,"13":0,"14":0,"15":0,"16":0,"17":0,"18":0,"19":0},"b":{"0":[0,0],"1":[0,0],"2":[0,0],"3":[0,0],"4":[0,0],"5":[0,0],"6":[0,0],"7":[0,0],"8":[0,0],"9":[0,0],"10":[0,0],"11":[0,0]},"_coverageSchema":"332fd63041d2c1bcb487cc26dd0d5f7d97098a6c","hash":"fdddeb34b21b022796ec3da7b930c8fe98ea2bd9"}
}
