TN:
SF:/home/cameron/Programming/CodeFellows/401/group-projects/midterm/trendly-server/lib/logger.js
FN:19,(anonymous_0)
FNF:1
FNH:1
FNDA:2,(anonymous_0)
DA:3,1
DA:5,1
DA:19,1
DA:20,2
DA:23,1
LF:5
LH:5
BRF:0
BRH:0
end_of_record
TN:
SF:/home/cameron/Programming/CodeFellows/401/group-projects/midterm/trendly-server/lib/scheduler.js
FN:9,(anonymous_0)
FN:13,(anonymous_1)
FN:19,(anonymous_2)
FN:21,(anonymous_3)
FN:23,(anonymous_4)
FN:25,(anonymous_5)
FN:27,(anonymous_6)
FN:30,(anonymous_7)
FN:32,(anonymous_8)
FN:35,(anonymous_9)
FN:39,(anonymous_10)
FN:54,(anonymous_11)
FN:56,(anonymous_12)
FN:59,(anonymous_13)
FN:62,(anonymous_14)
FN:65,(anonymous_15)
FN:70,(anonymous_16)
FN:82,(anonymous_17)
FNF:18
FNH:3
FNDA:0,(anonymous_0)
FNDA:0,(anonymous_1)
FNDA:0,(anonymous_2)
FNDA:0,(anonymous_3)
FNDA:0,(anonymous_4)
FNDA:0,(anonymous_5)
FNDA:0,(anonymous_6)
FNDA:0,(anonymous_7)
FNDA:0,(anonymous_8)
FNDA:0,(anonymous_9)
FNDA:0,(anonymous_10)
FNDA:1,(anonymous_11)
FNDA:1,(anonymous_12)
FNDA:1,(anonymous_13)
FNDA:0,(anonymous_14)
FNDA:0,(anonymous_15)
FNDA:0,(anonymous_16)
FNDA:0,(anonymous_17)
DA:3,1
DA:4,1
DA:5,1
DA:6,1
DA:7,1
DA:9,1
DA:10,0
DA:13,1
DA:14,0
DA:17,1
DA:19,1
DA:20,0
DA:22,0
DA:23,0
DA:25,0
DA:26,0
DA:28,0
DA:31,0
DA:32,0
DA:33,0
DA:35,0
DA:36,0
DA:40,0
DA:41,0
DA:43,0
DA:44,0
DA:45,0
DA:54,1
DA:55,1
DA:57,1
DA:59,1
DA:61,1
DA:63,0
DA:66,0
DA:67,0
DA:68,0
DA:70,0
DA:71,0
DA:72,0
DA:73,0
DA:77,0
DA:78,0
DA:80,0
DA:81,0
DA:83,0
LF:45
LH:14
BRDA:40,0,0,0
BRDA:40,0,1,0
BRDA:72,1,0,0
BRDA:72,1,1,0
BRDA:77,2,0,0
BRDA:77,2,1,0
BRF:6
BRH:0
end_of_record
TN:
SF:/home/cameron/Programming/CodeFellows/401/group-projects/midterm/trendly-server/lib/server.js
FN:21,(anonymous_0)
FN:29,(anonymous_1)
FN:40,(anonymous_2)
FN:42,(anonymous_3)
FN:48,(anonymous_4)
FN:54,(anonymous_5)
FN:60,(anonymous_6)
FN:65,(anonymous_7)
FN:66,(anonymous_8)
FN:76,(anonymous_9)
FN:83,(anonymous_10)
FNF:11
FNH:9
FNDA:0,(anonymous_0)
FNDA:0,(anonymous_1)
FNDA:1,(anonymous_2)
FNDA:1,(anonymous_3)
FNDA:1,(anonymous_4)
FNDA:1,(anonymous_5)
FNDA:1,(anonymous_6)
FNDA:1,(anonymous_7)
FNDA:1,(anonymous_8)
FNDA:1,(anonymous_9)
FNDA:1,(anonymous_10)
DA:3,1
DA:4,1
DA:5,1
DA:6,1
DA:8,1
DA:11,1
DA:14,1
DA:16,1
DA:19,1
DA:21,1
DA:22,0
DA:25,1
DA:26,1
DA:27,1
DA:29,1
DA:30,0
DA:33,1
DA:37,1
DA:38,1
DA:40,1
DA:41,1
DA:43,1
DA:44,0
DA:48,1
DA:50,1
DA:51,0
DA:52,0
DA:54,1
DA:55,1
DA:56,1
DA:57,1
DA:61,1
DA:65,1
DA:66,1
DA:68,1
DA:69,0
DA:70,0
DA:72,1
DA:73,0
DA:74,0
DA:76,1
DA:77,1
DA:78,1
DA:79,1
DA:80,1
DA:84,1
DA:88,1
LF:47
LH:38
BRDA:43,0,0,0
BRDA:43,0,1,1
BRDA:50,1,0,0
BRDA:50,1,1,1
BRDA:68,2,0,0
BRDA:68,2,1,1
BRDA:72,3,0,0
BRDA:72,3,1,1
BRF:8
BRH:4
end_of_record
TN:
SF:/home/cameron/Programming/CodeFellows/401/group-projects/midterm/trendly-server/lib/sms.js
FN:10,(anonymous_0)
FNF:1
FNH:0
FNDA:0,(anonymous_0)
DA:3,1
DA:4,1
DA:6,1
DA:8,1
DA:10,1
DA:11,0
LF:6
LH:5
BRF:0
BRH:0
end_of_record
TN:
SF:/home/cameron/Programming/CodeFellows/401/group-projects/midterm/trendly-server/lib/middleware/basic-auth-middleware.js
FN:6,(anonymous_0)
FN:26,(anonymous_1)
FN:33,(anonymous_2)
FNF:3
FNH:0
FNDA:0,(anonymous_0)
FNDA:0,(anonymous_1)
FNDA:0,(anonymous_2)
DA:3,1
DA:4,1
DA:6,1
DA:7,0
DA:8,0
DA:11,0
DA:13,0
DA:14,0
DA:17,0
DA:19,0
DA:21,0
DA:22,0
DA:25,0
DA:27,0
DA:28,0
DA:31,0
DA:34,0
DA:35,0
LF:18
LH:3
BRDA:7,0,0,0
BRDA:7,0,1,0
BRDA:13,1,0,0
BRDA:13,1,1,0
BRDA:21,2,0,0
BRDA:21,2,1,0
BRDA:21,3,0,0
BRDA:21,3,1,0
BRDA:27,4,0,0
BRDA:27,4,1,0
BRF:10
BRH:0
end_of_record
TN:
SF:/home/cameron/Programming/CodeFellows/401/group-projects/midterm/trendly-server/lib/middleware/bearer-auth-middleware.js
FN:8,(anonymous_0)
FN:9,(anonymous_1)
FN:10,(anonymous_2)
FN:11,(anonymous_3)
FN:21,(anonymous_4)
FN:33,(anonymous_5)
FN:39,(anonymous_6)
FNF:7
FNH:0
FNDA:0,(anonymous_0)
FNDA:0,(anonymous_1)
FNDA:0,(anonymous_2)
FNDA:0,(anonymous_3)
FNDA:0,(anonymous_4)
FNDA:0,(anonymous_5)
FNDA:0,(anonymous_6)
DA:3,1
DA:4,1
DA:6,1
DA:8,1
DA:9,0
DA:10,0
DA:11,0
DA:12,0
DA:13,0
DA:15,0
DA:21,1
DA:22,0
DA:23,0
DA:26,0
DA:28,0
DA:29,0
DA:32,0
DA:34,0
DA:35,0
DA:40,0
DA:41,0
DA:43,0
DA:44,0
LF:23
LH:5
BRDA:12,0,0,0
BRDA:12,0,1,0
BRDA:22,1,0,0
BRDA:22,1,1,0
BRDA:28,2,0,0
BRDA:28,2,1,0
BRDA:40,3,0,0
BRDA:40,3,1,0
BRF:8
BRH:0
end_of_record
TN:
SF:/home/cameron/Programming/CodeFellows/401/group-projects/midterm/trendly-server/lib/middleware/error-middleware.js
FN:5,(anonymous_0)
FNF:1
FNH:0
FNDA:0,(anonymous_0)
DA:3,1
DA:5,1
DA:7,0
DA:8,0
DA:10,0
DA:11,0
DA:12,0
DA:16,0
DA:18,0
DA:19,0
DA:20,0
DA:23,0
DA:24,0
DA:25,0
DA:28,0
DA:29,0
DA:30,0
DA:39,0
DA:40,0
DA:41,0
DA:58,0
DA:59,0
DA:60,0
LF:23
LH:2
BRDA:10,0,0,0
BRDA:10,0,1,0
BRDA:18,1,0,0
BRDA:18,1,1,0
BRDA:23,2,0,0
BRDA:23,2,1,0
BRDA:28,3,0,0
BRDA:28,3,1,0
BRDA:39,4,0,0
BRDA:39,4,1,0
BRF:10
BRH:0
end_of_record
TN:
SF:/home/cameron/Programming/CodeFellows/401/group-projects/midterm/trendly-server/lib/middleware/logger-middleware.js
FN:5,(anonymous_0)
FNF:1
FNH:0
FNDA:0,(anonymous_0)
DA:3,1
DA:5,1
DA:6,0
DA:7,0
LF:4
LH:2
BRF:0
BRH:0
end_of_record
TN:
SF:/home/cameron/Programming/CodeFellows/401/group-projects/midterm/trendly-server/model/account.js
FN:31,(anonymous_0)
FN:35,(anonymous_1)
FN:37,(anonymous_2)
FN:45,(anonymous_3)
FN:49,(anonymous_4)
FN:56,(anonymous_5)
FN:59,(anonymous_6)
FNF:7
FNH:0
FNDA:0,(anonymous_0)
FNDA:0,(anonymous_1)
FNDA:0,(anonymous_2)
FNDA:0,(anonymous_3)
FNDA:0,(anonymous_4)
FNDA:0,(anonymous_5)
FNDA:0,(anonymous_6)
DA:3,1
DA:4,1
DA:5,1
DA:6,1
DA:7,1
DA:9,1
DA:31,0
DA:35,1
DA:36,0
DA:38,0
DA:39,0
DA:41,0
DA:45,1
DA:46,0
DA:48,0
DA:50,0
DA:54,1
DA:56,1
DA:57,0
DA:58,0
DA:60,0
DA:61,0
LF:22
LH:10
BRDA:38,0,0,0
BRDA:38,0,1,0
BRF:2
BRH:0
end_of_record
TN:
SF:/home/cameron/Programming/CodeFellows/401/group-projects/midterm/trendly-server/model/profile.js
FNF:0
FNH:0
DA:3,1
DA:5,1
DA:26,1
LF:3
LH:3
BRF:0
BRH:0
end_of_record
TN:
SF:/home/cameron/Programming/CodeFellows/401/group-projects/midterm/trendly-server/model/sms-profile.js
FNF:0
FNH:0
DA:3,1
DA:5,1
DA:27,1
LF:3
LH:3
BRF:0
BRH:0
end_of_record
TN:
SF:/home/cameron/Programming/CodeFellows/401/group-projects/midterm/trendly-server/route/account-router.js
FN:13,(anonymous_0)
FN:19,(anonymous_1)
FN:24,(anonymous_2)
FN:30,(anonymous_3)
FN:33,(anonymous_4)
FNF:5
FNH:0
FNDA:0,(anonymous_0)
FNDA:0,(anonymous_1)
FNDA:0,(anonymous_2)
FNDA:0,(anonymous_3)
FNDA:0,(anonymous_4)
DA:3,1
DA:4,1
DA:5,1
DA:6,1
DA:7,1
DA:10,1
DA:13,1
DA:14,0
DA:15,0
DA:18,0
DA:19,0
DA:24,1
DA:25,0
DA:26,0
DA:29,0
DA:31,0
DA:34,0
LF:17
LH:8
BRDA:14,0,0,0
BRDA:14,0,1,0
BRDA:25,1,0,0
BRDA:25,1,1,0
BRDA:25,2,0,0
BRDA:25,2,1,0
BRDA:25,2,2,0
BRF:7
BRH:0
end_of_record
TN:
SF:/home/cameron/Programming/CodeFellows/401/group-projects/midterm/trendly-server/route/profile-router.js
FN:13,(anonymous_0)
FN:18,(anonymous_1)
FN:21,(anonymous_2)
FN:28,(anonymous_3)
FN:35,(anonymous_4)
FN:39,(anonymous_5)
FNF:6
FNH:0
FNDA:0,(anonymous_0)
FNDA:0,(anonymous_1)
FNDA:0,(anonymous_2)
FNDA:0,(anonymous_3)
FNDA:0,(anonymous_4)
FNDA:0,(anonymous_5)
DA:3,1
DA:4,1
DA:5,1
DA:6,1
DA:7,1
DA:9,1
DA:11,1
DA:13,1
DA:14,0
DA:15,0
DA:17,0
DA:19,0
DA:22,0
DA:28,0
DA:35,1
DA:36,0
DA:37,0
DA:38,0
DA:39,0
LF:19
LH:9
BRDA:14,0,0,0
BRDA:14,0,1,0
BRDA:14,1,0,0
BRDA:14,1,1,0
BRDA:36,2,0,0
BRDA:36,2,1,0
BRF:6
BRH:0
end_of_record
TN:
SF:/home/cameron/Programming/CodeFellows/401/group-projects/midterm/trendly-server/route/sms-profile-router.js
FN:15,(anonymous_0)
FN:26,(anonymous_1)
FN:32,(anonymous_2)
FN:38,(anonymous_3)
FN:41,(anonymous_4)
FN:43,(anonymous_5)
FN:47,(anonymous_6)
FN:51,(anonymous_7)
FN:61,(anonymous_8)
FN:92,(anonymous_9)
FN:106,(anonymous_10)
FN:108,(anonymous_11)
FN:111,(anonymous_12)
FN:113,(anonymous_13)
FN:116,(anonymous_14)
FN:120,(anonymous_15)
FN:131,(anonymous_16)
FN:138,(anonymous_17)
FN:151,(anonymous_18)
FN:163,(anonymous_19)
FNF:20
FNH:0
FNDA:0,(anonymous_0)
FNDA:0,(anonymous_1)
FNDA:0,(anonymous_2)
FNDA:0,(anonymous_3)
FNDA:0,(anonymous_4)
FNDA:0,(anonymous_5)
FNDA:0,(anonymous_6)
FNDA:0,(anonymous_7)
FNDA:0,(anonymous_8)
FNDA:0,(anonymous_9)
FNDA:0,(anonymous_10)
FNDA:0,(anonymous_11)
FNDA:0,(anonymous_12)
FNDA:0,(anonymous_13)
FNDA:0,(anonymous_14)
FNDA:0,(anonymous_15)
FNDA:0,(anonymous_16)
FNDA:0,(anonymous_17)
FNDA:0,(anonymous_18)
FNDA:0,(anonymous_19)
DA:3,1
DA:4,1
DA:5,1
DA:6,1
DA:7,1
DA:8,1
DA:10,1
DA:11,1
DA:13,1
DA:15,1
DA:16,0
DA:17,0
DA:18,0
DA:21,0
DA:22,0
DA:23,0
DA:24,0
DA:26,0
DA:27,0
DA:30,0
DA:31,0
DA:33,0
DA:34,0
DA:35,0
DA:36,0
DA:37,0
DA:39,0
DA:42,0
DA:44,0
DA:45,0
DA:48,0
DA:49,0
DA:51,0
DA:52,0
DA:55,0
DA:62,0
DA:69,0
DA:70,0
DA:78,0
DA:84,0
DA:85,0
DA:89,0
DA:90,0
DA:91,0
DA:93,0
DA:94,0
DA:95,0
DA:96,0
DA:97,0
DA:100,0
DA:101,0
DA:102,0
DA:103,0
DA:104,0
DA:106,0
DA:107,0
DA:109,0
DA:112,0
DA:113,0
DA:114,0
DA:116,0
DA:117,0
DA:121,0
DA:122,0
DA:123,0
DA:125,0
DA:126,0
DA:132,0
DA:136,0
DA:137,0
DA:139,0
DA:140,0
DA:141,0
DA:142,0
DA:143,0
DA:145,0
DA:146,0
DA:147,0
DA:148,0
DA:149,0
DA:151,0
DA:152,0
DA:154,0
DA:155,0
DA:156,0
DA:157,0
DA:162,0
DA:164,0
DA:165,0
DA:170,0
DA:171,0
DA:172,0
DA:174,0
DA:178,0
DA:179,0
DA:180,0
LF:96
LH:10
BRDA:17,0,0,0
BRDA:17,0,1,0
BRDA:17,1,0,0
BRDA:17,1,1,0
BRDA:30,2,0,0
BRDA:30,2,1,0
BRDA:33,3,0,0
BRDA:33,3,1,0
BRDA:89,4,0,0
BRDA:89,4,1,0
BRDA:93,5,0,0
BRDA:93,5,1,0
BRDA:100,6,0,0
BRDA:100,6,1,0
BRDA:121,7,0,0
BRDA:121,7,1,0
BRDA:136,8,0,0
BRDA:136,8,1,0
BRDA:139,9,0,0
BRDA:139,9,1,0
BRDA:145,10,0,0
BRDA:145,10,1,0
BRDA:164,11,0,0
BRDA:164,11,1,0
BRF:24
BRH:0
end_of_record
